Application/build/outputs/logs/manifest-merger-debug-report.txt
-- Merging decision tree log ---
manifest
ADDED from src/main/AndroidManifest.xml:16:1-70:12
INJECTED from src/main/AndroidManifest.xml:16:1-70:12
INJECTED from src/main/AndroidManifest.xml:16:1-70:12
MERGED from [com.android.support:gridlayout-v7:23.0.0] AndroidManifest.xml:17:1-24:12
MERGED from [com.android.support:support-v4:23.0.0] AndroidManifest.xml:17:1-24:12
MERGED from [com.android.support:cardview-v7:23.0.0] AndroidManifest.xml:17:1-24:12
INJECTED from src/main/AndroidManifest.xml:16:1-70:12
INJECTED from src/main/AndroidManifest.xml:16:1-70:12
	package
		ADDED from src/main/AndroidManifest.xml:17:5-48
	android:versionName
		ADDED from src/main/AndroidManifest.xml:19:5-30
		INJECTED from src/main/AndroidManifest.xml
		INJECTED from src/main/AndroidManifest.xml
	xmlns:android
		ADDED from src/main/AndroidManifest.xml:16:11-69
	android:versionCode
		ADDED from src/main/AndroidManifest.xml:18:5-28
		INJECTED from src/main/AndroidManifest.xml
		INJECTED from src/main/AndroidManifest.xml
uses-permission#android.permission.WRITE_EXTERNAL_STORAGE
ADDED from src/main/AndroidManifest.xml:23:5-80
	android:name
		ADDED from src/main/AndroidManifest.xml:23:22-78
uses-permission#android.permission.ACCESS_FINE_LOCATION
ADDED from src/main/AndroidManifest.xml:24:5-78
	android:name
		ADDED from src/main/AndroidManifest.xml:24:22-76
uses-permission#android.permission.ACCESS_COARSE_LOCATION
ADDED from src/main/AndroidManifest.xml:25:5-80
	android:name
		ADDED from src/main/AndroidManifest.xml:25:22-78
uses-permission#android.permission.BLUETOOTH_ADMIN
ADDED from src/main/AndroidManifest.xml:26:5-74
	android:name
		ADDED from src/main/AndroidManifest.xml:26:22-71
uses-permission#android.permission.BLUETOOTH
ADDED from src/main/AndroidManifest.xml:27:5-68
	android:name
		ADDED from src/main/AndroidManifest.xml:27:22-65
uses-feature#android.hardware.bluetooth_le
ADDED from src/main/AndroidManifest.xml:29:5-31:36
	android:required
		ADDED from src/main/AndroidManifest.xml:31:9-33
	android:name
		ADDED from src/main/AndroidManifest.xml:30:9-53
application
ADDED from src/main/AndroidManifest.xml:33:5-68:19
MERGED from [com.android.support:gridlayout-v7:23.0.0] AndroidManifest.xml:22:5-20
MERGED from [com.android.support:gridlayout-v7:23.0.0] AndroidManifest.xml:22:5-20
MERGED from [com.android.support:support-v4:23.0.0] AndroidManifest.xml:22:5-20
MERGED from [com.android.support:support-v4:23.0.0] AndroidManifest.xml:22:5-20
MERGED from [com.android.support:cardview-v7:23.0.0] AndroidManifest.xml:22:5-20
MERGED from [com.android.support:cardview-v7:23.0.0] AndroidManifest.xml:22:5-20
	android:label
		ADDED from src/main/AndroidManifest.xml:36:9-41
	android:icon
		ADDED from src/main/AndroidManifest.xml:35:9-45
	android:allowBackup
		ADDED from src/main/AndroidManifest.xml:34:9-35
	android:theme
		ADDED from src/main/AndroidManifest.xml:37:9-40
receiver#com.example.android.ble.Restarter
ADDED from src/main/AndroidManifest.xml:39:9-46:20
	android:enabled
		ADDED from src/main/AndroidManifest.xml:41:13-35
	android:exported
		ADDED from src/main/AndroidManifest.xml:42:13-36
	android:name
		ADDED from src/main/AndroidManifest.xml:40:13-61
intent-filter#action:name:restartservice
ADDED from src/main/AndroidManifest.xml:43:13-45:29
action#restartservice
ADDED from src/main/AndroidManifest.xml:44:17-57
	android:name
		ADDED from src/main/AndroidManifest.xml:44:25-54
activity#com.example.android.bluetoothchat.MainActivity
ADDED from src/main/AndroidManifest.xml:48:9-57:20
	android:label
		ADDED from src/main/AndroidManifest.xml:51:13-45
	android:configChanges
		ADDED from src/main/AndroidManifest.xml:50:13-63
	android:name
		ADDED from src/main/AndroidManifest.xml:49:13-41
intent-filter#action:name:android.intent.action.MAIN+category:name:android.intent.category.LAUNCHER
ADDED from src/main/AndroidManifest.xml:52:13-56:29
action#android.intent.action.MAIN
ADDED from src/main/AndroidManifest.xml:53:17-69
	android:name
		ADDED from src/main/AndroidManifest.xml:53:25-66
category#android.intent.category.LAUNCHER
ADDED from src/main/AndroidManifest.xml:55:17-77
	android:name
		ADDED from src/main/AndroidManifest.xml:55:27-74
service#com.example.android.ble.MyService
ADDED from src/main/AndroidManifest.xml:59:9-62:19
	android:enabled
		ADDED from src/main/AndroidManifest.xml:61:13-35
	android:name
		ADDED from src/main/AndroidManifest.xml:60:13-61
activity#com.example.android.ble.BLEAdvertisingActivity
ADDED from src/main/AndroidManifest.xml:64:9-83
	android:name
		ADDED from src/main/AndroidManifest.xml:64:19-80
activity#com.example.android.ble.BLEDiscoveringActivity
ADDED from src/main/AndroidManifest.xml:65:9-67:78
	android:label
		ADDED from src/main/AndroidManifest.xml:67:13-66
	android:name
		ADDED from src/main/AndroidManifest.xml:66:13-74
uses-sdk
INJECTED from src/main/AndroidManifest.xml reason: use-sdk injection requested
INJECTED from src/main/AndroidManifest.xml
INJECTED from src/main/AndroidManifest.xml
MERGED from [com.android.support:gridlayout-v7:23.0.0] AndroidManifest.xml:20:5-43
MERGED from [com.android.support:gridlayout-v7:23.0.0] AndroidManifest.xml:20:5-43
MERGED from [com.android.support:support-v4:23.0.0] AndroidManifest.xml:20:5-43
MERGED from [com.android.support:support-v4:23.0.0] AndroidManifest.xml:20:5-43
MERGED from [com.android.support:cardview-v7:23.0.0] AndroidManifest.xml:20:5-43
MERGED from [com.android.support:cardview-v7:23.0.0] AndroidManifest.xml:20:5-43
INJECTED from src/main/AndroidManifest.xml
INJECTED from src/main/AndroidManifest.xml
	android:targetSdkVersion
		INJECTED from src/main/AndroidManifest.xml
		ADDED from src/main/AndroidManifest.xml
		INJECTED from src/main/AndroidManifest.xml
	android:minSdkVersion
		INJECTED from src/main/AndroidManifest.xml
		ADDED from src/main/AndroidManifest.xml
		INJECTED from src/main/AndroidManifest.xml